[2026-06-27 23:40:02] 自動収集開始。本日の開催: ['帯広ば', '高知', '佐賀']
[2026-06-28 00:03:19]   帯広ば: 収集完了
[2026-06-28 00:25:35]   高知: 収集完了
[2026-06-28 00:48:50]   佐賀: 収集完了
[2026-06-28 00:48:50] 収集 326行追記。データセット: {'races': 35, 'horses': 336, 'wins': 35}
[2026-06-28 00:48:50] 再学習スキップ: ML依存(numpy/lightgbm)が未インストール。収集データは保存済み。
[2026-06-28 00:48:50] 自動実行を終了しました。
[2026-06-28 22:28:20] 自動収集開始。本日の開催: ['帯広ば', '盛岡', '船橋', '金沢', '高知']
[2026-06-28 23:15:16]   帯広ば: 収集完了
[2026-06-28 23:38:58]   盛岡: 収集完了
[2026-06-29 00:02:13]   船橋: 収集完了
[2026-06-29 00:25:30]   金沢: 収集完了
[2026-06-29 00:45:42]   高知: 収集完了
[2026-06-29 00:45:42] 収集 527行追記。データセット: {'races': 93, 'horses': 863, 'wins': 93}
[2026-06-29 00:45:42] 再学習は次回predict時に自動実行されます（タスク環境ではModuleNotFoundError）。
[2026-06-29 00:45:42] 自動実行を終了しました。
[2026-06-29 22:58:36] 自動収集開始。本日の開催: ['帯広ば', '盛岡', '船橋', '大井']
[2026-06-30 07:24:02]   帯広ば: 収集完了
[2026-06-30 20:28:15]   盛岡: 収集完了
[2026-07-01 07:16:46]   船橋: 収集完了
[2026-07-01 20:50:29]   大井: 収集完了
[2026-07-01 20:50:29] 収集 475行追記。データセット: {'races': 141, 'horses': 1338, 'wins': 142}
[2026-07-01 20:50:29] 再学習は次回predict時に自動実行されます（タスク環境ではModuleNotFoundError）。
[2026-07-01 20:50:29] 自動実行を終了しました。
[2026-07-02 03:18:34] 自動収集開始。本日の開催: ['門別', '船橋', '大井', '名古屋', '園田']
[2026-07-02 20:24:14]   門別: 収集完了
[2026-07-02 20:48:32]   船橋: 収集完了
[2026-07-02 21:12:48]   大井: 収集完了
[2026-07-02 21:36:57]   名古屋: 収集完了
[2026-07-02 22:01:07]   園田: 収集完了
[2026-07-02 22:01:07] 収集 552行追記。データセット: {'races': 192, 'horses': 1890, 'wins': 193}
[2026-07-02 22:01:07] 再学習は次回predict時に自動実行されます（タスク環境ではModuleNotFoundError）。
[2026-07-02 22:01:07] 自動実行を終了しました。
[2026-07-03 22:13:10] 自動収集開始。本日の開催: ['船橋', '大井', '名古屋', '園田']
[2026-07-03 23:07:35]   船橋: 収集完了
[2026-07-04 01:37:54] 自動収集開始。本日の開催: ['帯広ば', '船橋', '高知', '佐賀']
[2026-07-04 02:02:24]   帯広ば: 収集完了
[2026-07-04 02:26:53]   船橋: 収集完了
[2026-07-04 02:50:22]   高知: 収集完了
[2026-07-04 03:11:48]   佐賀: 収集完了
[2026-07-04 03:11:48] 収集 0行追記。データセット: {'races': 208, 'horses': 2036, 'wins': 209}
[2026-07-04 03:11:48] 自動実行を終了しました。
[2026-07-04 14:25:10] 自動収集開始。本日の開催: ['帯広ば', '船橋', '高知', '佐賀']
[2026-07-04 14:49:31]   帯広ば: 収集完了
[2026-07-04 15:13:51]   船橋: 収集完了
[2026-07-04 15:37:09]   高知: 収集完了
[2026-07-04 15:58:29]   佐賀: 収集完了
[2026-07-04 15:58:29] 収集 449行追記。データセット: {'races': 253, 'horses': 2485, 'wins': 254}
[2026-07-04 15:58:31] 再学習: 完了 {'trained': True, 'races': 253, 'horses': 2485, 'wins': 254, 'model': 'models/win_model.txt'}
[2026-07-04 15:58:31] 自動実行を終了しました。
[2026-07-05 14:27:53] 自動収集開始。本日の開催: ['帯広ば', '盛岡', '金沢', '高知', '佐賀']
[2026-07-05 14:52:11]   帯広ば: 収集完了
[2026-07-05 15:16:33]   盛岡: 収集完了
[2026-07-05 15:39:52]   金沢: 収集完了
[2026-07-05 16:03:13]   高知: 収集完了
[2026-07-05 16:24:31]   佐賀: 収集完了
[2026-07-05 16:24:31] 収集 554行追記。データセット: {'races': 309, 'horses': 3039, 'wins': 310}
[2026-07-05 16:24:33] 再学習: 完了 {'trained': True, 'races': 309, 'horses': 3039, 'wins': 310, 'model': 'models/win_model.txt'}
[2026-07-05 16:24:33] 自動実行を終了しました。
[2026-07-06 16:16:03] 自動収集開始。本日の開催: ['門別', '盛岡', '川崎', '金沢']
[2026-07-06 16:40:28]   門別: 収集完了
[2026-07-06 17:04:52]   盛岡: 収集完了
[2026-07-06 17:29:19]   川崎: 収集完了
[2026-07-06 17:53:43]   金沢: 収集完了
[2026-07-06 17:53:43] 収集 0行追記。データセット: {'races': 309, 'horses': 3039, 'wins': 310}
[2026-07-06 17:53:43] 自動実行を終了しました。
[2026-07-07 15:42:15] 自動収集開始。本日の開催: ['門別', '川崎', '笠松', '園田']
[2026-07-07 16:06:39]   門別: 収集完了
[2026-07-07 16:31:02]   川崎: 収集完了
[2026-07-07 16:55:27]   笠松: 収集完了
[2026-07-07 17:19:52]   園田: 収集完了
[2026-07-07 17:19:52] 収集 0行追記。データセット: {'races': 309, 'horses': 3039, 'wins': 310}
[2026-07-07 17:19:52] 自動実行を終了しました。
[2026-07-08 15:14:48] 自動収集開始。本日の開催: ['門別', '川崎', '笠松', '園田']
[2026-07-08 15:39:13]   門別: 収集完了
[2026-07-08 16:03:35]   川崎: 収集完了
[2026-07-08 16:27:57]   笠松: 収集完了
[2026-07-08 16:52:17]   園田: 収集完了
[2026-07-08 16:52:17] 収集 0行追記。データセット: {'races': 309, 'horses': 3039, 'wins': 310}
[2026-07-08 16:52:17] 自動実行を終了しました。
